[debug] [2026-05-22T13:49:20.603Z] ----------------------------------------------------------------------
[debug] [2026-05-22T13:49:20.607Z] Command:       /usr/local/Cellar/node/26.0.0/bin/node /usr/local/bin/firebase init
[debug] [2026-05-22T13:49:20.607Z] CLI Version:   15.18.0
[debug] [2026-05-22T13:49:20.608Z] Platform:      darwin
[debug] [2026-05-22T13:49:20.608Z] Node Version:  v26.0.0
[debug] [2026-05-22T13:49:20.608Z] Time:          Fri May 22 2026 16:49:20 GMT+0300 (Eastern European Summer Time)
[debug] [2026-05-22T13:49:20.608Z] ----------------------------------------------------------------------
[debug] 
[info] 
     ######## #### ########  ######## ########     ###     ######  ########
     ##        ##  ##     ## ##       ##     ##  ##   ##  ##       ##
     ######    ##  ########  ######   ########  #########  ######  ######
     ##        ##  ##    ##  ##       ##     ## ##     ##       ## ##
     ##       #### ##     ## ######## ########  ##     ##  ######  ########

You're about to initialize a Firebase project in this directory:

  /Users/pk/Monte Bello

[info] 
=== Project Setup
[info] 
[info] First, let's associate this project directory with a Firebase project.
[info] You can create multiple project aliases by running firebase use --add, 
[info] 
[debug] [2026-05-22T13:50:23.653Z] > command requires scopes: ["email","openid","https://www.googleapis.com/auth/cloudplatformprojects.readonly","https://www.googleapis.com/auth/firebase","https://www.googleapis.com/auth/cloud-platform"]
[debug] [2026-05-22T13:50:23.654Z] > authorizing via signed-in user (oleksandrkukuruza368@gmail.com)
[debug] [2026-05-22T13:50:23.655Z] Checked if tokens are valid: true, expires at: 1779461331265
[debug] [2026-05-22T13:50:23.655Z] Checked if tokens are valid: true, expires at: 1779461331265
[debug] [2026-05-22T13:50:23.657Z] >>> [apiv2][query] GET https://firebase.googleapis.com/v1beta1/projects pageSize=100
[debug] [2026-05-22T13:50:24.276Z] <<< [apiv2][status] GET https://firebase.googleapis.com/v1beta1/projects 200
[debug] [2026-05-22T13:50:24.276Z] <<< [apiv2][body] GET https://firebase.googleapis.com/v1beta1/projects [omitted]
[info] 
=== Firestore Setup
[info] i  firestore: ensuring required API firestore.googleapis.com is enabled... 
[debug] [2026-05-22T13:50:26.537Z] Checked if tokens are valid: true, expires at: 1779461331265
[debug] [2026-05-22T13:50:26.537Z] Checked if tokens are valid: true, expires at: 1779461331265
[debug] [2026-05-22T13:50:26.537Z] >>> [apiv2][query] GET https://serviceusage.googleapis.com/v1/projects/montebello-9b4f0/services/firestore.googleapis.com [none]
[debug] [2026-05-22T13:50:26.537Z] >>> [apiv2][(partial)header] GET https://serviceusage.googleapis.com/v1/projects/montebello-9b4f0/services/firestore.googleapis.com  x-goog-user-project=montebello-9b4f0
[debug] [2026-05-22T13:50:27.505Z] <<< [apiv2][status] GET https://serviceusage.googleapis.com/v1/projects/montebello-9b4f0/services/firestore.googleapis.com 200
[debug] [2026-05-22T13:50:27.505Z] <<< [apiv2][body] GET https://serviceusage.googleapis.com/v1/projects/montebello-9b4f0/services/firestore.googleapis.com [omitted]
[info] ✔  firestore: required API firestore.googleapis.com is enabled 
[debug] [2026-05-22T13:50:27.529Z] Checked if tokens are valid: true, expires at: 1779461331265
[debug] [2026-05-22T13:50:27.529Z] Checked if tokens are valid: true, expires at: 1779461331265
[debug] [2026-05-22T13:50:27.529Z] >>> [apiv2][query] GET https://firestore.googleapis.com/v1/projects/montebello-9b4f0/databases [none]
[debug] [2026-05-22T13:50:28.099Z] <<< [apiv2][status] GET https://firestore.googleapis.com/v1/projects/montebello-9b4f0/databases 200
[debug] [2026-05-22T13:50:28.100Z] <<< [apiv2][body] GET https://firestore.googleapis.com/v1/projects/montebello-9b4f0/databases {"databases":[{"name":"projects/montebello-9b4f0/databases/(default)","uid":"7d099ee3-dd43-4deb-b55e-fea96ec126f9","createTime":"2026-05-22T13:38:48.626539Z","updateTime":"2026-05-22T13:38:48.626539Z","locationId":"nam5","type":"FIRESTORE_NATIVE","concurrencyMode":"PESSIMISTIC","versionRetentionPeriod":"3600s","earliestVersionTime":"2026-05-22T13:38:48.626539Z","appEngineIntegrationMode":"DISABLED","keyPrefix":"s","pointInTimeRecoveryEnablement":"POINT_IN_TIME_RECOVERY_DISABLED","deleteProtectionState":"DELETE_PROTECTION_DISABLED","databaseEdition":"STANDARD","freeTier":true,"realtimeUpdatesMode":"REALTIME_UPDATES_MODE_ENABLED","etag":"IPH+5/6EzZQDMKn/q7KCzZQD"}]}
[info] 
[info] Firestore Security Rules allow you to define how and when to allow
[info] requests. You can keep these rules in your project directory
[info] and publish them with firebase deploy.
[info] 
[debug] [2026-05-22T13:50:31.661Z] Checked if tokens are valid: true, expires at: 1779461331265
[debug] [2026-05-22T13:50:31.661Z] Checked if tokens are valid: true, expires at: 1779461331265
[debug] [2026-05-22T13:50:31.661Z] >>> [apiv2][query] GET https://firebaserules.googleapis.com/v1/projects/montebello-9b4f0/releases pageSize=10&pageToken=
[debug] [2026-05-22T13:50:32.450Z] <<< [apiv2][status] GET https://firebaserules.googleapis.com/v1/projects/montebello-9b4f0/releases 200
[debug] [2026-05-22T13:50:32.451Z] <<< [apiv2][body] GET https://firebaserules.googleapis.com/v1/projects/montebello-9b4f0/releases {"releases":[{"name":"projects/montebello-9b4f0/releases/cloud.firestore","rulesetName":"projects/montebello-9b4f0/rulesets/8facd171-5dfd-4ba6-96ba-205f8a84a8a4","createTime":"2026-05-22T13:38:52.516995Z","updateTime":"2026-05-22T13:38:52.516995Z"}]}
[debug] [2026-05-22T13:50:32.451Z] Checked if tokens are valid: true, expires at: 1779461331265
[debug] [2026-05-22T13:50:32.451Z] Checked if tokens are valid: true, expires at: 1779461331265
[debug] [2026-05-22T13:50:32.451Z] >>> [apiv2][query] GET https://firebaserules.googleapis.com/v1/projects/montebello-9b4f0/rulesets/8facd171-5dfd-4ba6-96ba-205f8a84a8a4 [none]
[debug] [2026-05-22T13:50:33.143Z] <<< [apiv2][status] GET https://firebaserules.googleapis.com/v1/projects/montebello-9b4f0/rulesets/8facd171-5dfd-4ba6-96ba-205f8a84a8a4 200
[debug] [2026-05-22T13:50:33.143Z] <<< [apiv2][body] GET https://firebaserules.googleapis.com/v1/projects/montebello-9b4f0/rulesets/8facd171-5dfd-4ba6-96ba-205f8a84a8a4 [omitted]
[info] i  Downloaded the existing Firestore Security Rules from the Firebase console 
[info] 
[info] Firestore indexes allow you to perform complex queries while
[info] maintaining performance that scales with the size of the result
[info] set. You can keep index definitions in your project directory
[info] and publish them with firebase deploy.
[info] 
[debug] [2026-05-22T13:50:35.312Z] Checked if tokens are valid: true, expires at: 1779461331265
[debug] [2026-05-22T13:50:35.312Z] Checked if tokens are valid: true, expires at: 1779461331265
[debug] [2026-05-22T13:50:35.312Z] Checked if tokens are valid: true, expires at: 1779461331265
[debug] [2026-05-22T13:50:35.312Z] Checked if tokens are valid: true, expires at: 1779461331265
[debug] [2026-05-22T13:50:35.313Z] >>> [apiv2][query] GET https://firestore.googleapis.com/v1/projects/montebello-9b4f0/databases/(default)/collectionGroups/-/indexes [none]
[debug] [2026-05-22T13:50:35.314Z] >>> [apiv2][query] GET https://firestore.googleapis.com/v1/projects/montebello-9b4f0/databases/(default)/collectionGroups/-/fields?filter=indexConfig.usesAncestorConfig=false OR ttlConfig:* [none]
[debug] [2026-05-22T13:50:36.370Z] <<< [apiv2][status] GET https://firestore.googleapis.com/v1/projects/montebello-9b4f0/databases/(default)/collectionGroups/-/indexes 200
[debug] [2026-05-22T13:50:36.370Z] <<< [apiv2][body] GET https://firestore.googleapis.com/v1/projects/montebello-9b4f0/databases/(default)/collectionGroups/-/indexes {}
[debug] [2026-05-22T13:50:36.522Z] <<< [apiv2][status] GET https://firestore.googleapis.com/v1/projects/montebello-9b4f0/databases/(default)/collectionGroups/-/fields?filter=indexConfig.usesAncestorConfig=false OR ttlConfig:* 200
[debug] [2026-05-22T13:50:36.523Z] <<< [apiv2][body] GET https://firestore.googleapis.com/v1/projects/montebello-9b4f0/databases/(default)/collectionGroups/-/fields?filter=indexConfig.usesAncestorConfig=false OR ttlConfig:* {"fields":[{"name":"projects/montebello-9b4f0/databases/(default)/collectionGroups/__default__/fields/*","indexConfig":{"indexes":[{"queryScope":"COLLECTION","fields":[{"fieldPath":"*","order":"ASCENDING"}],"state":"READY"},{"queryScope":"COLLECTION","fields":[{"fieldPath":"*","order":"DESCENDING"}],"state":"READY"},{"queryScope":"COLLECTION","fields":[{"fieldPath":"*","arrayConfig":"CONTAINS"}],"state":"READY"}]}}]}
[info] i  Downloaded the existing Firestore indexes from the Firebase console 
[info] ✔  Wrote firestore.rules 
[info] ✔  Wrote firestore.indexes.json 
[info] 
=== Hosting Setup
[debug] [2026-05-22T13:50:43.844Z] Checked if tokens are valid: true, expires at: 1779461331265
[debug] [2026-05-22T13:50:43.844Z] Checked if tokens are valid: true, expires at: 1779461331265
[debug] [2026-05-22T13:50:43.844Z] >>> [apiv2][query] GET https://firebase.googleapis.com/v1beta1/projects/montebello-9b4f0 [none]
[debug] [2026-05-22T13:50:44.153Z] <<< [apiv2][status] GET https://firebase.googleapis.com/v1beta1/projects/montebello-9b4f0 200
[debug] [2026-05-22T13:50:44.154Z] <<< [apiv2][body] GET https://firebase.googleapis.com/v1beta1/projects/montebello-9b4f0 {"projectId":"montebello-9b4f0","projectNumber":"720378169476","displayName":"MonteBello","name":"projects/montebello-9b4f0","resources":{"hostingSite":"montebello-9b4f0"},"state":"ACTIVE","etag":"1_bc81c896-f154-4e47-94c0-8717e281eee1"}
[info] 
[info] Your public directory is the folder (relative to your project directory) that
[info] will contain Hosting assets to be uploaded with firebase deploy. If you
[info] have a build process for your assets, use your build's output directory.
[info] 
[info] 
[info] i  Detected a .git folder at /Users/pk 
[info] i  Authorizing with GitHub to upload your service account to a GitHub repository's secrets store. 
[info] 
[info] Visit this URL on this device to log in:
[info] https://github.com/login/oauth/authorize?client_id=89cf50f02ac6aaed3484&state=920377560&redirect_uri=http%3A%2F%2Flocalhost%3A9005&scope=read%3Auser%20repo%20public_repo
[info] 
[info] Waiting for authentication...
[debug] [2026-05-22T13:51:32.126Z] >>> [apiv2][query] POST https://github.com/login/oauth/access_token [none]
[debug] [2026-05-22T13:51:32.127Z] >>> [apiv2][body] POST https://github.com/login/oauth/access_token [stream]
[debug] [2026-05-22T13:51:32.471Z] <<< [apiv2][status] POST https://github.com/login/oauth/access_token 200
[debug] [2026-05-22T13:51:32.471Z] <<< [apiv2][body] POST https://github.com/login/oauth/access_token {"access_token":"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","token_type":"bearer","scope":"read:user,repo"}
[debug] [2026-05-22T13:51:32.475Z] >>> [apiv2][query] GET https://api.github.com/user [none]
[debug] [2026-05-22T13:51:32.995Z] <<< [apiv2][status] GET https://api.github.com/user 200
[debug] [2026-05-22T13:51:32.996Z] <<< [apiv2][body] GET https://api.github.com/user {"login":"OleksandrKukuruza","id":188732131,"node_id":"U_kgDOCz_S4w","avatar_url":"https://avatars.githubusercontent.com/u/188732131?v=4","gravatar_id":"","url":"https://api.github.com/users/OleksandrKukuruza","html_url":"https://github.com/OleksandrKukuruza","followers_url":"https://api.github.com/users/OleksandrKukuruza/followers","following_url":"https://api.github.com/users/OleksandrKukuruza/following{/other_user}","gists_url":"https://api.github.com/users/OleksandrKukuruza/gists{/gist_id}","starred_url":"https://api.github.com/users/OleksandrKukuruza/starred{/owner}{/repo}","subscriptions_url":"https://api.github.com/users/OleksandrKukuruza/subscriptions","organizations_url":"https://api.github.com/users/OleksandrKukuruza/orgs","repos_url":"https://api.github.com/users/OleksandrKukuruza/repos","events_url":"https://api.github.com/users/OleksandrKukuruza/events{/privacy}","received_events_url":"https://api.github.com/users/OleksandrKukuruza/received_events","type":"User","user_view_type":"private","site_admin":false,"name":null,"company":null,"blog":"","location":null,"email":null,"hireable":null,"bio":null,"twitter_username":null,"notification_email":null,"public_repos":34,"public_gists":0,"followers":0,"following":0,"created_at":"2024-11-17T03:57:19Z","updated_at":"2026-05-18T21:51:44Z","private_gists":0,"total_private_repos":0,"owned_private_repos":0,"disk_usage":29635,"collaborators":0,"two_factor_authentication":false,"plan":{"name":"free","space":976562499,"collaborators":0,"private_repos":10000}}
[info] 
[info] ✔  Success! Logged into GitHub as OleksandrKukuruza 
[info] 
